d:\testprojects\npp_plugin\plugintemplate\vs.proj\searchandopentab\x64\debug\vc143.pdb
d:\testprojects\npp_plugin\plugintemplate\vs.proj\searchandopentab\x64\debug\vc143.idb
d:\testprojects\npp_plugin\plugintemplate\vs.proj\searchandopentab\x64\debug\plugindefinition.obj
d:\testprojects\npp_plugin\plugintemplate\vs.proj\searchandopentab\x64\debug\searchandopentabdialog.obj
d:\testprojects\npp_plugin\plugintemplate\vs.proj\searchandopentab\x64\debug\searchandopentab.obj
d:\testprojects\npp_plugin\plugintemplate\vs.proj\searchandopentab\x64\debug\staticdialog.obj
d:\testprojects\npp_plugin\plugintemplate\vs.proj\searchandopentab\x64\debug\gotolinedlg.obj
d:\testprojects\npp_plugin\plugintemplate\vs.proj\x64\debug\searchandopentab.dll
d:\testprojects\npp_plugin\plugintemplate\vs.proj\x64\debug\searchandopentab.pdb
d:\testprojects\npp_plugin\plugintemplate\vs.proj\searchandopentab\x64\debug\goline.res
d:\testprojects\npp_plugin\plugintemplate\vs.proj\searchandopentab\x64\debug\searchandopentab.res
d:\testprojects\npp_plugin\plugintemplate\vs.proj\x64\debug\searchandopentab.lib
d:\testprojects\npp_plugin\plugintemplate\vs.proj\x64\debug\searchandopentab.exp
d:\testprojects\npp_plugin\plugintemplate\vs.proj\searchandopentab\x64\debug\searchandopentab.ilk
d:\projects\npp_plugin\searchandopentabs\vs.proj\searchandopentab\x64\debug\gotolinedlg.obj
d:\projects\npp_plugin\searchandopentabs\vs.proj\searchandopentab\x64\debug\plugindefinition.obj
d:\projects\npp_plugin\searchandopentabs\vs.proj\searchandopentab\x64\debug\searchandopentab.obj
d:\projects\npp_plugin\searchandopentabs\vs.proj\searchandopentab\x64\debug\searchandopentabdialog.obj
d:\projects\npp_plugin\searchandopentabs\vs.proj\searchandopentab\x64\debug\staticdialog.obj
d:\projects\npp_plugin\searchandopentabs\vs.proj\searchandopentab\x64\debug\searchandopentab.ilk
d:\projects\npp_plugin\searchandopentabs\vs.proj\searchandopentab\x64\debug\goline.res
d:\projects\npp_plugin\searchandopentabs\vs.proj\searchandopentab\x64\debug\searchandopentab.res
d:\projects\npp_plugin\searchandopentabs\vs.proj\searchandopentab\x64\debug\vc143.idb
d:\projects\npp_plugin\searchandopentabs\vs.proj\searchandopentab\x64\debug\vc143.pdb
d:\projects\npp_plugin\searchandopentabs\vs.proj\x64\debug\searchandopentab.pdb
d:\projects\npp_plugin\searchandopentabs\vs.proj\x64\debug\searchandopentab.dll
d:\projects\npp_plugin\searchandopentabs\vs.proj\searchandopentab\x64\debug\searchandopentab.tlog\cl.command.1.tlog
d:\projects\npp_plugin\searchandopentabs\vs.proj\searchandopentab\x64\debug\searchandopentab.tlog\cl.items.tlog
d:\projects\npp_plugin\searchandopentabs\vs.proj\searchandopentab\x64\debug\searchandopentab.tlog\cl.read.1.tlog
d:\projects\npp_plugin\searchandopentabs\vs.proj\searchandopentab\x64\debug\searchandopentab.tlog\cl.write.1.tlog
d:\projects\npp_plugin\searchandopentabs\vs.proj\searchandopentab\x64\debug\searchandopentab.tlog\link.command.1.tlog
d:\projects\npp_plugin\searchandopentabs\vs.proj\searchandopentab\x64\debug\searchandopentab.tlog\link.read.1.tlog
d:\projects\npp_plugin\searchandopentabs\vs.proj\searchandopentab\x64\debug\searchandopentab.tlog\link.secondary.1.tlog
d:\projects\npp_plugin\searchandopentabs\vs.proj\searchandopentab\x64\debug\searchandopentab.tlog\link.write.1.tlog
d:\projects\npp_plugin\searchandopentabs\vs.proj\searchandopentab\x64\debug\searchandopentab.tlog\rc.command.1.tlog
d:\projects\npp_plugin\searchandopentabs\vs.proj\searchandopentab\x64\debug\searchandopentab.tlog\rc.read.1.tlog
d:\projects\npp_plugin\searchandopentabs\vs.proj\searchandopentab\x64\debug\searchandopentab.tlog\rc.write.1.tlog
